{
  "RSpec": {
    "coverage": {
      "/Users/dsmythe/Projects/MakersProjects/Bookmark_Manager/app.rb": {
        "lines": [
          1,
          1,
          1,
          null,
          1,
          1,
          0,
          null,
          null,
          1,
          1,
          null,
          null,
          1,
          1,
          1,
          null,
          null,
          1,
          null,
          null
        ]
      },
      "/Users/dsmythe/Projects/MakersProjects/Bookmark_Manager/lib/bookmark.rb": {
        "lines": [
          1,
          1,
          null,
          1,
          1,
          null,
          null,
          null
        ]
      },
      "/Users/dsmythe/Projects/MakersProjects/Bookmark_Manager/spec/features/bookmark_spec.rb": {
        "lines": [
          null,
          null,
          null,
          null,
          null,
          null,
          null,
          1,
          1,
          1,
          1,
          null,
          null
        ]
      },
      "/Users/dsmythe/Projects/MakersProjects/Bookmark_Manager/spec/features/test_setup_spec.rb": {
        "lines": [
          null,
          1,
          1,
          1,
          1,
          null,
          null
        ]
      }
    },
    "timestamp": 1635781336
  }
}
